<?xml version="1.0" encoding="UTF-8" ?>
<testsuite failures="0" time="0.012" errors="0" skipped="0" tests="10" name="com.example.MathCalculatorTest">
  <properties>
[...]
</properties>
  <testcase time="0.007" classname="com.example.MathCalculatorTest" name="addTwoNumbers"/>
  <testcase time="0" classname="com.example.MathCalculatorTest" name="dividePositiveNegativeNumbers"/>
  <testcase time="0" classname="com.example.MathCalculatorTest" name="subtractTwoNumbers"/>
  <testcase time="0" classname="com.example.MathCalculatorTest" name="divideTwoNumbers"/>
  <testcase time="0" classname="com.example.MathCalculatorTest" name="subtractTwoNegativeNumbers"/>
  <testcase time="0.002" classname="com.example.MathCalculatorTest" name="addingNumbersShouldTakeLessThenFiveSeconds"/>
  <testcase time="0" classname="com.example.MathCalculatorTest" name="subtractPositiveNegativeNumber"/>
  <testcase time="0.002" classname="com.example.MathCalculatorTest" name="addPositiveNegativeNumber"/>
  <testcase time="0" classname="com.example.MathCalculatorTest" name="divideForException"/>
  <testcase time="0.001" classname="com.example.MathCalculatorTest" name="addTwoNegativeNumber"/>
</testsuite>